pulse 8989
space 4431
pulse 605
space 512
pulse 598
space 513
pulse 596
space 513
pulse 596
space 1641
pulse 598
space 512
pulse 597
space 512
pulse 600
space 510
pulse 597
space 515
pulse 594
space 1640
pulse 599
space 1638
pulse 600
space 513
pulse 597
space 512
pulse 598
space 1635
pulse 603
space 513
pulse 597
space 513
pulse 596
space 513
pulse 597
space 1612
pulse 629
space 1634
pulse 600
space 1612
pulse 626
space 514
pulse 597
space 513
pulse 597
space 513
pulse 598
space 511
pulse 597
space 1642
pulse 597
space 514
pulse 595
space 514
pulse 597
space 512
pulse 596
space 1640
pulse 601
space 1608
pulse 628
space 1637
pulse 599
space 1635
pulse 603
space 505
pulse 598
