pulse 29951
space 49845
pulse 3427
space 1644
pulse 500
space 1191
pulse 478
space 451
pulse 441
space 475
pulse 444
space 482
pulse 443
space 478
pulse 444
space 453
pulse 471
space 453
pulse 447
space 481
pulse 446
space 474
pulse 445
space 479
pulse 470
space 427
pulse 470
space 453
pulse 472
space 1219
pulse 444
space 480
pulse 445
space 478
pulse 445
space 454
pulse 471
space 453
pulse 470
space 455
pulse 443
space 483
pulse 444
space 475
pulse 473
space 1217
pulse 444
space 1219
pulse 470
space 453
pulse 444
space 479
pulse 445
space 478
pulse 445
space 479
pulse 444
space 453
pulse 471
space 452
pulse 471
space 453
pulse 445
space 479
pulse 445
space 1245
pulse 445
space 454
pulse 470
space 1220
pulse 451
space 1243
pulse 439
space 1245
pulse 445
space 1234
pulse 457
space 1219
pulse 445
space 1245
pulse 445
space 507
pulse 420
space 1216
pulse 445
space 1246
pulse 444
space 479
pulse 445
space 452
pulse 472
space 460
pulse 463
space 453
pulse 445
space 484
pulse 449
space 469
pulse 445
space 478
pulse 445
space 452
pulse 472
space 1221
pulse 469
space 1219
pulse 445
space 1268
pulse 424
space 1217
pulse 472
space 1219
pulse 445
space 1246
pulse 445
space 1219
pulse 501
space 425
pulse 471
space 1221
pulse 450
space 475
pulse 444
space 478
pulse 442
space 1220
pulse 471
space 453
pulse 445
space 478
pulse 446
space 478
pulse 446
space 478
pulse 445
space 1220
pulse 470
space 453
pulse 445
space 481
pulse 444
space 1245
pulse 445
space 455
pulse 469
space 455
pulse 471
space 451
pulse 444
space 1252
pulse 438
space 1219
pulse 471
space 453
pulse 471
space 453
pulse 447
space 480
pulse 442
space 478
pulse 445
space 479
pulse 445
space 453
pulse 471
space 453
pulse 471
space 1220
pulse 446
space 478
pulse 445
space 480
pulse 445
space 479
pulse 445
space 455
pulse 527
space 395
pulse 445
space 480
pulse 450
space 475
pulse 445
space 474
pulse 445
space 454
pulse 469
space 454
pulse 470
space 1217
pulse 449
space 1245
pulse 445
space 479
pulse 449
space 450
pulse 469
space 453
pulse 444
space 480
pulse 445
space 478
pulse 445
space 479
pulse 445
space 479
pulse 445
space 452
pulse 471
space 453
pulse 472
space 453
pulse 445
space 1252
pulse 447
space 471
pulse 442
space 452
pulse 470
space 453
pulse 470
space 454
pulse 445
space 480
pulse 444
space 479
pulse 445
space 479
pulse 445
space 452
pulse 470
space 1222
pulse 444
space 1246
pulse 444
space 478
pulse 447
space 454
pulse 469
space 453
pulse 472
space 450
pulse 445
space 480
pulse 445
space 478
pulse 452
space 1218
pulse 462
space 1219
pulse 446
space 484
pulse 441
space 479
pulse 448
space 477
pulse 445
space 452
pulse 471
space 453
pulse 471
space 453
pulse 444
space 480
pulse 472
space 452
pulse 444
space 480
pulse 444
space 453
pulse 471
space 452
pulse 470
space 454
pulse 446
space 479
pulse 446
space 480
pulse 443
space 487
pulse 450
space 439
pulse 470
space 453
pulse 470
space 457
pulse 444
space 477
pulse 443
space 480
pulse 474
space 1190
pulse 470
space 457
pulse 467
space 454
pulse 445
space 479
pulse 444
space 482
pulse 442
space 480
pulse 446
space 452
pulse 470
space 456
pulse 469
space 453
pulse 445
space 481
pulse 472
space 451
pulse 444
space 481
pulse 450
space 454
pulse 471
space 444
pulse 470
space 455
pulse 444
space 479
pulse 444
space 480
pulse 448
space 476
pulse 444
space 453
pulse 470
space 454
pulse 470
space 454
pulse 444
space 481
pulse 443
space 480
pulse 471
space 427
pulse 470
space 454
pulse 472
space 451
pulse 444
space 480
pulse 445
space 481
pulse 445
space 478
pulse 451
space 451
pulse 468
space 450
pulse 471
space 454
pulse 445
space 478
pulse 444
space 480
pulse 444
space 480
pulse 444
space 453
pulse 497
space 426
pulse 470
space 454
pulse 444
space 480
pulse 444
space 480
pulse 444
space 480
pulse 444
space 453
pulse 470
space 454
pulse 470
space 454
pulse 444
space 480
pulse 460
space 466
pulse 443
space 479
pulse 463
space 437
pulse 468
space 1223
pulse 438
space 1246
pulse 445
space 479
pulse 444
space 453
pulse 471
space 453
pulse 470
space 453
pulse 446
space 478
pulse 444
space 479
pulse 445
space 480
pulse 443
space 481
pulse 444
space 453
pulse 472
space 453
pulse 444
space 481
pulse 444
space 481
pulse 442
space 481
pulse 459
space 444
pulse 470
space 448
pulse 472
space 451
pulse 444
space 480
pulse 444
space 480
pulse 445
space 478
pulse 445
space 454
pulse 470
space 453
pulse 470
space 454
pulse 444
space 480
pulse 444
space 480
pulse 444
space 483
pulse 440
space 480
pulse 446
space 1221
pulse 443
space 1245
pulse 445
space 482
pulse 443
space 478
pulse 445
space 1227
pulse 435
space 41857
pulse 3395
space 1671
pulse 444
space 1226
pulse 466
space 477
pulse 442
space 454
pulse 453
space 471
pulse 445
space 479
pulse 444
space 455
pulse 470
space 453
pulse 471
space 455
pulse 443
space 480
pulse 444
space 480
pulse 444
space 480
pulse 444
space 454
pulse 471
space 1219
pulse 444
space 480
pulse 444
space 480
pulse 444
space 485
pulse 445
space 449
pulse 482
space 510
pulse 445
space 406
pulse 447
space 477
pulse 443
space 1246
pulse 444
space 1221
pulse 470
space 453
pulse 444
space 480
pulse 444
space 480
pulse 444
space 480
pulse 444
space 480
pulse 444
space 453
pulse 475
space 449
pulse 470
space 453
pulse 445
space 1246
pulse 444
space 485
pulse 446
space 1218
pulse 465
space 1221
pulse 443
space 1246
pulse 445
space 1220
pulse 471
space 1219
pulse 445
space 1245
pulse 448
space 477
pulse 444
space 1222
pulse 471
space 451
pulse 445
space 495
pulse 428
space 480
pulse 442
space 491
pulse 437
space 1219
pulse 467
space 454
pulse 443
space 480
pulse 444
space 480
pulse 444
space 1219
pulse 472
space 1220
pulse 444
space 1247
pulse 445
space 1246
pulse 445
space 453
pulse 470
space 1248
pulse 419
space 1249
pulse 441
space 1252
pulse 439
space 460
pulse 464
space 1216
pulse 440
space 480
pulse 443
space 482
pulse 445
space 481
pulse 442
space 1222
pulse 468
space 453
pulse 444
space 480
pulse 449
space 475
pulse 444
space 1220
pulse 471
space 1221
pulse 472
space 451
pulse 444
space 483
pulse 444
space 478
pulse 452
space 454
pulse 464
space 527
pulse 392
space 1219
pulse 446
space 1245
pulse 471
space 427
pulse 471
space 453
pulse 470
space 1220
pulse 463
space 462
pulse 445
space 479
pulse 444
space 453
pulse 471
space 453
pulse 471
space 459
pulse 439
space 479
pulse 444
space 1246
pulse 445
space 458
pulse 466
space 457
pulse 469
space 447
pulse 444
space 480
pulse 444
space 1258
pulse 433
space 1220
pulse 472
space 452
pulse 470
space 454
pulse 446
space 1244
pulse 446
space 479
pulse 444
space 453
pulse 470
space 454
pulse 470
space 454
pulse 444
space 1247
pulse 443
space 1250
pulse 449
space 451
pulse 470
space 1216
pulse 441
space 479
pulse 448
space 476
pulse 444
space 453
pulse 470
space 1220
pulse 460
space 1231
pulse 444
space 488
pulse 436
space 480
pulse 444
space 463
pulse 461
space 1220
pulse 471
space 453
pulse 445
space 479
pulse 450
space 1224
pulse 466
space 452
pulse 468
space 451
pulse 444
space 522
pulse 405
space 476
pulse 444
space 480
pulse 444
space 453
pulse 471
space 453
pulse 476
space 1214
pulse 444
space 1247
pulse 445
space 1219
pulse 472
space 1219
pulse 444
space 480
pulse 444
space 1247
pulse 472
space 1340
pulse 327
space 452
pulse 442
timeout 134038
