pulse 8634
space 4115
pulse 572
space 1564
pulse 570
space 501
pulse 568
space 1564
pulse 542
space 529
pulse 569
space 498
pulse 570
space 1565
pulse 568
space 510
pulse 562
space 1563
pulse 569
space 500
pulse 569
space 1564
pulse 545
space 525
pulse 569
space 1563
pulse 545
space 1600
pulse 564
space 503
pulse 567
space 1561
pulse 570
space 500
pulse 568
space 499
pulse 568
space 499
pulse 569
space 1564
pulse 598
space 1539
pulse 569
space 1566
pulse 570
space 501
pulse 569
space 498
pulse 569
space 498
pulse 570
space 1563
pulse 570
space 1567
pulse 569
space 501
pulse 569
space 498
pulse 569
space 499
pulse 569
space 1563
pulse 572
space 1563
pulse 570
space 1566
pulse 570
