pulse 9078
space 4449
pulse 639
space 1630
pulse 637
space 559
pulse 599
space 558
pulse 600
space 558
pulse 599
space 558
pulse 599
space 568
pulse 592
space 564
pulse 591
space 560
pulse 600
space 558
pulse 599
space 1629
pulse 638
space 1628
pulse 638
space 1633
pulse 635
space 1627
pulse 641
space 1629
pulse 638
space 1628
pulse 637
space 1628
pulse 637
space 1628
pulse 637
space 1630
pulse 637
space 561
pulse 597
space 558
pulse 599
space 1627
pulse 640
space 560
pulse 596
space 566
pulse 591
space 560
pulse 598
space 559
pulse 599
space 559
pulse 599
space 1628
pulse 640
space 1625
pulse 640
space 559
pulse 599
space 1627
pulse 639
space 1628
pulse 640
space 1627
pulse 638
space 39014
pulse 9086
space 2206
pulse 641
timeout 131182
