pulse 9065
space 4456
pulse 632
space 1637
pulse 629
space 556
pulse 601
space 557
pulse 603
space 554
pulse 601
space 556
pulse 602
space 556
pulse 602
space 556
pulse 601
space 556
pulse 601
space 557
pulse 601
space 1638
pulse 629
space 1668
pulse 598
space 1664
pulse 601
space 1638
pulse 629
space 1634
pulse 630
space 1663
pulse 602
space 1663
pulse 602
space 556
pulse 607
space 550
pulse 601
space 556
pulse 601
space 556
pulse 600
space 557
pulse 601
space 556
pulse 601
space 1635
pulse 631
space 556
pulse 601
space 1635
pulse 632
space 1635
pulse 630
space 1639
pulse 628
space 1635
pulse 630
space 1635
pulse 630
space 1636
pulse 630
space 556
pulse 601
space 1638
pulse 663
space 38971
pulse 9072
space 2243
pulse 603
timeout 128133
