pulse 29945
space 49867
pulse 3405
space 1640
pulse 472
space 1219
pulse 471
space 453
pulse 450
space 474
pulse 445
space 479
pulse 446
space 478
pulse 445
space 452
pulse 486
space 440
pulse 468
space 480
pulse 418
space 480
pulse 444
space 479
pulse 443
space 481
pulse 444
space 453
pulse 470
space 1220
pulse 444
space 480
pulse 444
space 481
pulse 443
space 481
pulse 443
space 454
pulse 471
space 479
pulse 444
space 454
pulse 443
space 481
pulse 443
space 1248
pulse 443
space 1222
pulse 469
space 454
pulse 443
space 481
pulse 443
space 480
pulse 444
space 481
pulse 442
space 480
pulse 442
space 456
pulse 470
space 454
pulse 442
space 480
pulse 442
space 1249
pulse 444
space 454
pulse 470
space 1220
pulse 444
space 1246
pulse 472
space 1193
pulse 472
space 1219
pulse 470
space 1220
pulse 443
space 1247
pulse 444
space 454
pulse 472
space 1218
pulse 444
space 1246
pulse 444
space 480
pulse 444
space 479
pulse 444
space 453
pulse 470
space 454
pulse 445
space 478
pulse 444
space 480
pulse 444
space 479
pulse 444
space 455
pulse 471
space 1217
pulse 445
space 1245
pulse 445
space 1245
pulse 446
space 1220
pulse 471
space 1219
pulse 445
space 1245
pulse 445
space 1220
pulse 470
space 453
pulse 470
space 1220
pulse 445
space 479
pulse 445
space 479
pulse 445
space 1219
pulse 471
space 453
pulse 444
space 480
pulse 445
space 479
pulse 444
space 480
pulse 444
space 1219
pulse 471
space 453
pulse 445
space 479
pulse 444
space 1247
pulse 445
space 453
pulse 470
space 453
pulse 471
space 453
pulse 446
space 1244
pulse 450
space 1243
pulse 442
space 454
pulse 471
space 452
pulse 471
space 455
pulse 443
space 480
pulse 445
space 479
pulse 450
space 449
pulse 499
space 423
pulse 470
space 1220
pulse 445
space 480
pulse 444
space 480
pulse 445
space 479
pulse 445
space 453
pulse 471
space 453
pulse 445
space 479
pulse 445
space 479
pulse 450
space 473
pulse 471
space 453
pulse 446
space 452
pulse 470
space 1220
pulse 443
space 1247
pulse 445
space 480
pulse 444
space 454
pulse 473
space 451
pulse 470
space 454
pulse 445
space 479
pulse 446
space 477
pulse 444
space 479
pulse 444
space 453
pulse 471
space 454
pulse 471
space 453
pulse 443
space 1247
pulse 444
space 479
pulse 444
space 453
pulse 470
space 453
pulse 470
space 456
pulse 442
space 480
pulse 444
space 483
pulse 440
space 480
pulse 443
space 454
pulse 470
space 1219
pulse 446
space 1245
pulse 444
space 479
pulse 444
space 454
pulse 470
space 460
pulse 464
space 454
pulse 444
space 480
pulse 444
space 479
pulse 444
space 1220
pulse 471
space 1219
pulse 470
space 454
pulse 444
space 480
pulse 444
space 480
pulse 444
space 453
pulse 470
space 480
pulse 444
space 467
pulse 431
space 480
pulse 443
space 480
pulse 444
space 480
pulse 444
space 454
pulse 470
space 454
pulse 470
space 453
pulse 443
space 481
pulse 443
space 479
pulse 445
space 485
pulse 439
space 454
pulse 471
space 452
pulse 471
space 480
pulse 417
space 480
pulse 444
space 480
pulse 443
space 481
pulse 444
space 454
pulse 471
space 453
pulse 486
space 439
pulse 444
space 480
pulse 444
space 480
pulse 444
space 479
pulse 444
space 454
pulse 471
space 453
pulse 470
space 454
pulse 443
space 507
pulse 417
space 481
pulse 444
space 483
pulse 440
space 454
pulse 470
space 454
pulse 471
space 456
pulse 440
space 481
pulse 444
space 480
pulse 444
space 480
pulse 444
space 453
pulse 471
space 454
pulse 470
space 453
pulse 443
space 480
pulse 444
space 481
pulse 443
space 480
pulse 442
space 455
pulse 471
space 454
pulse 443
space 480
pulse 441
space 482
pulse 444
space 480
pulse 444
space 453
pulse 471
space 453
pulse 471
space 453
pulse 444
space 480
pulse 444
space 480
pulse 444
space 479
pulse 444
space 480
pulse 443
space 454
pulse 475
space 449
pulse 448
space 476
pulse 444
space 480
pulse 444
space 480
pulse 445
space 453
pulse 469
space 454
pulse 472
space 453
pulse 444
space 479
pulse 443
space 481
pulse 445
space 478
pulse 443
space 1220
pulse 471
space 1220
pulse 443
space 481
pulse 444
space 480
pulse 443
space 454
pulse 470
space 456
pulse 469
space 453
pulse 443
space 480
pulse 444
space 507
pulse 416
space 481
pulse 450
space 454
pulse 473
space 454
pulse 468
space 454
pulse 440
space 478
pulse 445
space 482
pulse 496
space 424
pulse 441
space 455
pulse 470
space 452
pulse 470
space 457
pulse 443
space 477
pulse 445
space 479
pulse 444
space 480
pulse 443
space 454
pulse 471
space 454
pulse 469
space 454
pulse 444
space 480
pulse 443
space 480
pulse 445
space 480
pulse 444
space 1221
pulse 470
space 1220
pulse 445
space 479
pulse 443
space 480
pulse 444
space 481
pulse 447
space 41876
pulse 3403
space 1668
pulse 444
space 1220
pulse 471
space 453
pulse 444
space 479
pulse 444
space 480
pulse 443
space 481
pulse 444
space 484
pulse 439
space 455
pulse 470
space 454
pulse 443
space 484
pulse 441
space 480
pulse 449
space 475
pulse 444
space 480
pulse 444
space 1221
pulse 442
space 483
pulse 442
space 480
pulse 444
space 480
pulse 444
space 453
pulse 471
space 454
pulse 470
space 453
pulse 443
space 480
pulse 448
space 1244
pulse 442
space 1221
pulse 470
space 453
pulse 470
space 453
pulse 443
space 481
pulse 443
space 480
pulse 443
space 454
pulse 471
space 452
pulse 474
space 476
pulse 417
space 481
pulse 443
space 1247
pulse 443
space 482
pulse 442
space 1221
pulse 470
space 1221
pulse 443
space 1247
pulse 445
space 1219
pulse 471
space 1220
pulse 443
space 1248
pulse 443
space 479
pulse 444
space 1220
pulse 472
space 453
pulse 443
space 481
pulse 443
space 481
pulse 444
space 481
pulse 443
space 1222
pulse 470
space 454
pulse 470
space 454
pulse 443
space 481
pulse 443
space 1219
pulse 471
space 1219
pulse 444
space 1248
pulse 443
space 1248
pulse 442
space 455
pulse 471
space 1219
pulse 443
space 1248
pulse 442
space 1221
pulse 470
space 454
pulse 470
space 1220
pulse 443
space 486
pulse 438
space 482
pulse 442
space 454
pulse 470
space 1220
pulse 472
space 453
pulse 443
space 481
pulse 444
space 481
pulse 443
space 1220
pulse 471
space 1219
pulse 445
space 480
pulse 443
space 480
pulse 444
space 480
pulse 443
space 454
pulse 470
space 480
pulse 443
space 1222
pulse 443
space 1247
pulse 444
space 454
pulse 470
space 454
pulse 470
space 1220
pulse 443
space 481
pulse 443
space 480
pulse 443
space 455
pulse 470
space 453
pulse 471
space 453
pulse 471
space 451
pulse 445
space 1246
pulse 443
space 454
pulse 471
space 453
pulse 470
space 453
pulse 444
space 480
pulse 443
space 1246
pulse 447
space 1218
pulse 471
space 453
pulse 470
space 453
pulse 445
space 1245
pulse 444
space 481
pulse 444
space 454
pulse 471
space 453
pulse 471
space 454
pulse 443
space 1247
pulse 444
space 1220
pulse 471
space 453
pulse 470
space 1220
pulse 444
space 480
pulse 444
space 480
pulse 444
space 480
pulse 444
space 1219
pulse 471
space 1220
pulse 443
space 481
pulse 444
space 1219
pulse 471
space 1220
pulse 444
space 493
pulse 431
space 480
pulse 444
space 480
pulse 444
space 1220
pulse 472
space 452
pulse 443
space 482
pulse 442
space 480
pulse 445
space 480
pulse 443
space 457
pulse 468
space 453
pulse 471
space 453
pulse 444
space 1246
pulse 444
space 1248
pulse 443
space 1220
pulse 475
space 449
pulse 443
space 1246
pulse 445
space 1220
pulse 471
space 1220
pulse 443
space 480
pulse 443
timeout 127706
